Using pre-set license
Built from '2021.3/staging' branch; Version is '2021.3.9f1 (ad3870b89536) revision 11352176'; Using compiler version '192829333'; Build Type 'Release'
OS: 'Windows 11  (10.0.22000) 64bit Core' Language: 'en' Physical Memory: 16204 MB
BatchMode: 1, IsHumanControllingUs: 0, StartBugReporterOnCrash: 0, Is64bit: 1, IsPro: 1

COMMAND LINE ARGUMENTS:
C:\Program Files\Unity\Hub\Editor\2021.3.9f1\Editor\Unity.exe
-adb2
-batchMode
-noUpm
-name
AssetImportWorker2
-projectPath
E:/SIM251/Text-of-Obligation/Text of Obiligation
-logFile
Logs/AssetImportWorker2.log
-srvPort
52721
Successfully changed project path to: E:/SIM251/Text-of-Obligation/Text of Obiligation
E:/SIM251/Text-of-Obligation/Text of Obiligation
[UnityMemory] Configuration Parameters - Can be set up in boot.config
    "memorysetup-bucket-allocator-granularity=16"
    "memorysetup-bucket-allocator-bucket-count=8"
    "memorysetup-bucket-allocator-block-size=33554432"
    "memorysetup-bucket-allocator-block-count=8"
    "memorysetup-main-allocator-block-size=16777216"
    "memorysetup-thread-allocator-block-size=16777216"
    "memorysetup-gfx-main-allocator-block-size=16777216"
    "memorysetup-gfx-thread-allocator-block-size=16777216"
    "memorysetup-cache-allocator-block-size=4194304"
    "memorysetup-typetree-allocator-block-size=2097152"
    "memorysetup-profiler-bucket-allocator-granularity=16"
    "memorysetup-profiler-bucket-allocator-bucket-count=8"
    "memorysetup-profiler-bucket-allocator-block-size=33554432"
    "memorysetup-profiler-bucket-allocator-block-count=8"
    "memorysetup-profiler-allocator-block-size=16777216"
    "memorysetup-profiler-editor-allocator-block-size=1048576"
    "memorysetup-temp-allocator-size-main=16777216"
    "memorysetup-job-temp-allocator-block-size=2097152"
    "memorysetup-job-temp-allocator-block-size-background=1048576"
    "memorysetup-job-temp-allocator-reduction-small-platforms=262144"
    "memorysetup-temp-allocator-size-background-worker=32768"
    "memorysetup-temp-allocator-size-job-worker=262144"
    "memorysetup-temp-allocator-size-preload-manager=33554432"
    "memorysetup-temp-allocator-size-nav-mesh-worker=65536"
    "memorysetup-temp-allocator-size-audio-worker=65536"
    "memorysetup-temp-allocator-size-cloud-worker=32768"
    "memorysetup-temp-allocator-size-gi-baking-worker=262144"
    "memorysetup-temp-allocator-size-gfx=262144"
Refreshing native plugins compatible for Editor in 81.35 ms, found 3 plugins.
Preloading 0 native plugins for Editor in 0.00 ms.
Initialize engine version: 2021.3.9f1 (ad3870b89536)
[Subsystems] Discovering subsystems at path C:/Program Files/Unity/Hub/Editor/2021.3.9f1/Editor/Data/Resources/UnitySubsystems
[Subsystems] Discovering subsystems at path E:/SIM251/Text-of-Obligation/Text of Obiligation/Assets
GfxDevice: creating device client; threaded=0; jobified=0
Direct3D:
    Version:  Direct3D 11.0 [level 11.1]
    Renderer: NVIDIA GeForce RTX 2070 (ID=0x1f14)
    Vendor:   NVIDIA
    VRAM:     8031 MB
    Driver:   30.0.14.9729
Initialize mono
Mono path[0] = 'C:/Program Files/Unity/Hub/Editor/2021.3.9f1/Editor/Data/Managed'
Mono path[1] = 'C:/Program Files/Unity/Hub/Editor/2021.3.9f1/Editor/Data/MonoBleedingEdge/lib/mono/unityjit-win32'
Mono config path = 'C:/Program Files/Unity/Hub/Editor/2021.3.9f1/Editor/Data/MonoBleedingEdge/etc'
Using monoOptions --debugger-agent=transport=dt_socket,embedding=1,server=y,suspend=n,address=127.0.0.1:56552
Begin MonoManager ReloadAssembly
Registering precompiled unity dll's ...
Register platform support module: C:/Program Files/Unity/Hub/Editor/2021.3.9f1/Editor/Data/PlaybackEngines/WebGLSupport/UnityEditor.WebGL.Extensions.dll
Register platform support module: C:/Program Files/Unity/Hub/Editor/2021.3.9f1/Editor/Data/PlaybackEngines/WindowsStandaloneSupport/UnityEditor.WindowsStandalone.Extensions.dll
Register platform support module: C:/Program Files/Unity/Hub/Editor/2021.3.9f1/Editor/Data/PlaybackEngines/MetroSupport/UnityEditor.UWP.Extensions.dll
Registered in 0.006684 seconds.
Native extension for UWP target not found
Native extension for WindowsStandalone target not found
Native extension for WebGL target not found
Refreshing native plugins compatible for Editor in 73.41 ms, found 3 plugins.
Preloading 0 native plugins for Editor in 0.00 ms.
Mono: successfully reloaded assembly
- Completed reload, in  0.589 seconds
Domain Reload Profiling:
	ReloadAssembly (590ms)
		BeginReloadAssembly (66ms)
			ExecutionOrderSort (0ms)
			DisableScriptedObjects (0ms)
			BackupInstance (0ms)
			ReleaseScriptingObjects (0ms)
			CreateAndSetChildDomain (1ms)
		EndReloadAssembly (421ms)
			LoadAssemblies (63ms)
			RebuildTransferFunctionScriptingTraits (0ms)
			SetupTypeCache (104ms)
			ReleaseScriptCaches (0ms)
			RebuildScriptCaches (24ms)
			SetupLoadedEditorAssemblies (244ms)
				LogAssemblyErrors (0ms)
				InitializePlatformSupportModulesInManaged (8ms)
				SetLoadedEditorAssemblies (0ms)
				RefreshPlugins (73ms)
				BeforeProcessingInitializeOnLoad (1ms)
				ProcessInitializeOnLoadAttributes (118ms)
				ProcessInitializeOnLoadMethodAttributes (43ms)
				AfterProcessingInitializeOnLoad (0ms)
				EditorAssembliesLoaded (0ms)
			ExecutionOrderSort2 (0ms)
			AwakeInstancesAfterBackupRestoration (0ms)
Platform modules already initialized, skipping
Registering precompiled user dll's ...
Registered in 0.005343 seconds.
Begin MonoManager ReloadAssembly
Symbol file LoadedFromMemory doesn't match image E:\SIM251\Text-of-Obligation\Text of Obiligation\Library\PackageCache\com.unity.visualscripting@1.7.8\Editor\VisualScripting.Core\Dependencies\YamlDotNet\Unity.VisualScripting.YamlDotNet.dll
Symbol file LoadedFromMemory doesn't match image E:\SIM251\Text-of-Obligation\Text of Obiligation\Library\PackageCache\com.unity.visualscripting@1.7.8\Editor\VisualScripting.Core\Dependencies\DotNetZip\Unity.VisualScripting.IonicZip.dll
Native extension for UWP target not found
Native extension for WindowsStandalone target not found
Native extension for WebGL target not found
Refreshing native plugins compatible for Editor in 0.54 ms, found 3 plugins.
Preloading 0 native plugins for Editor in 0.00 ms.
Mono: successfully reloaded assembly
- Completed reload, in  0.955 seconds
Domain Reload Profiling:
	ReloadAssembly (956ms)
		BeginReloadAssembly (98ms)
			ExecutionOrderSort (0ms)
			DisableScriptedObjects (5ms)
			BackupInstance (0ms)
			ReleaseScriptingObjects (0ms)
			CreateAndSetChildDomain (16ms)
		EndReloadAssembly (749ms)
			LoadAssemblies (75ms)
			RebuildTransferFunctionScriptingTraits (0ms)
			SetupTypeCache (250ms)
			ReleaseScriptCaches (1ms)
			RebuildScriptCaches (47ms)
			SetupLoadedEditorAssemblies (338ms)
				LogAssemblyErrors (0ms)
				InitializePlatformSupportModulesInManaged (7ms)
				SetLoadedEditorAssemblies (0ms)
				RefreshPlugins (1ms)
				BeforeProcessingInitializeOnLoad (84ms)
				ProcessInitializeOnLoadAttributes (210ms)
				ProcessInitializeOnLoadMethodAttributes (28ms)
				AfterProcessingInitializeOnLoad (8ms)
				EditorAssembliesLoaded (0ms)
			ExecutionOrderSort2 (0ms)
			AwakeInstancesAfterBackupRestoration (6ms)
Platform modules already initialized, skipping
========================================================================
Worker process is ready to serve import requests
Launched and connected shader compiler UnityShaderCompiler.exe after 0.06 seconds
Refreshing native plugins compatible for Editor in 0.56 ms, found 3 plugins.
Preloading 0 native plugins for Editor in 0.00 ms.
Unloading 3492 Unused Serialized files (Serialized files now loaded: 0)
Unloading 33 unused Assets / (111.4 KB). Loaded Objects now: 3945.
Memory consumption went from 122.3 MB to 122.1 MB.
Total: 3.406100 ms (FindLiveObjects: 0.247400 ms CreateObjectMapping: 0.199700 ms MarkObjects: 2.860700 ms  DeleteObjects: 0.097600 ms)

AssetImportParameters requested are different than current active one (requested -> active):
  custom:video-decoder-ogg-theora: a1e56fd34408186e4bbccfd4996cb3dc -> 
  custom:container-muxer-webm: aa71ff27fc2769a1b78a27578f13a17b -> 
  custom:container-demuxer-webm: 4f35f7cbe854078d1ac9338744f61a02 -> 
  custom:video-encoder-webm-vp8: eb34c28f22e8b96e1ab97ce403110664 -> 
  custom:audio-encoder-webm-vorbis: bf7c407c2cedff20999df2af8eb42d56 -> 
  custom:framework-win-MediaFoundation: 216162199b28c13a410421893ffa2e32 -> 
  custom:container-demuxer-ogg: 62fdf1f143b41e24485cea50d1cbac27 -> 
  custom:video-decoder-webm-vp8: 9c59270c3fd7afecdb556c50c9e8de78 -> 
  custom:audio-decoder-ogg-vorbis: bf7c407c2cedff20999df2af8eb42d56 -> 
========================================================================
Received Import Request.
  Time since last request: 8009.574457 seconds.
  path: Assets/Models/AmmoBox.fbx
  artifactKey: Guid(569cab947fd55cf46badf2a2a96f74cb) Importer(815301076,1909f56bfc062723c751e8b465ee728b)
Start importing Assets/Models/AmmoBox.fbx using Guid(569cab947fd55cf46badf2a2a96f74cb) Importer(815301076,1909f56bfc062723c751e8b465ee728b)  -> (artifact id: '10ecebb9a11504744b3550fb2345fac7') in 0.448812 seconds 
========================================================================
Received Import Request.
  Time since last request: 0.000036 seconds.
  path: Assets/Models/Platform.fbx
  artifactKey: Guid(2c8bd0534f4655f4c8becb6b58d553e5) Importer(815301076,1909f56bfc062723c751e8b465ee728b)
Start importing Assets/Models/Platform.fbx using Guid(2c8bd0534f4655f4c8becb6b58d553e5) Importer(815301076,1909f56bfc062723c751e8b465ee728b)  -> (artifact id: 'e9873ff4f9aa13465a240f1085a0079a') in 0.132944 seconds 
========================================================================
Received Import Request.
  Time since last request: 1.634074 seconds.
  path: Assets/Models/Ishikawa1116
  artifactKey: Guid(7f1973e0059dc77409d04cdd70383529) Importer(815301076,1909f56bfc062723c751e8b465ee728b)
Start importing Assets/Models/Ishikawa1116 using Guid(7f1973e0059dc77409d04cdd70383529) Importer(815301076,1909f56bfc062723c751e8b465ee728b)  -> (artifact id: 'd26971a486244e2a5e294d05ab563ec2') in 0.006282 seconds 
========================================================================
Received Import Request.
  Time since last request: 0.604867 seconds.
  path: Assets/Models/Ishikawa1116/LOW-POLY GUNS PACK_SAMPLE
  artifactKey: Guid(679f1e06cad4d1241974d4a115773ee2) Importer(815301076,1909f56bfc062723c751e8b465ee728b)
Start importing Assets/Models/Ishikawa1116/LOW-POLY GUNS PACK_SAMPLE using Guid(679f1e06cad4d1241974d4a115773ee2) Importer(815301076,1909f56bfc062723c751e8b465ee728b)  -> (artifact id: '216b527068aa4960aad35e3cc6ed8772') in 0.007018 seconds 
========================================================================
Received Import Request.
  Time since last request: 1.536507 seconds.
  path: Assets/Models/Ishikawa1116/LOW-POLY GUNS PACK_SAMPLE/Meshes
  artifactKey: Guid(3675f871a9ef8ed4fac2cb46ffe88c8f) Importer(815301076,1909f56bfc062723c751e8b465ee728b)
Start importing Assets/Models/Ishikawa1116/LOW-POLY GUNS PACK_SAMPLE/Meshes using Guid(3675f871a9ef8ed4fac2cb46ffe88c8f) Importer(815301076,1909f56bfc062723c751e8b465ee728b)  -> (artifact id: '680635cf8bd5874229f81fbd9bf0ed71') in 0.006241 seconds 
========================================================================
Received Import Request.
  Time since last request: 1.125464 seconds.
  path: Assets/Models/Ishikawa1116/LOW-POLY GUNS PACK_SAMPLE/Meshes/Rifle
  artifactKey: Guid(724ec7bcd0fc1e9479a9d5b6f9368bf6) Importer(815301076,1909f56bfc062723c751e8b465ee728b)
Start importing Assets/Models/Ishikawa1116/LOW-POLY GUNS PACK_SAMPLE/Meshes/Rifle using Guid(724ec7bcd0fc1e9479a9d5b6f9368bf6) Importer(815301076,1909f56bfc062723c751e8b465ee728b)  -> (artifact id: '46567d7cc47962825711437d9530f7ee') in 0.005584 seconds 
========================================================================
Received Import Request.
  Time since last request: 0.085440 seconds.
  path: Assets/Models/Ishikawa1116/LOW-POLY GUNS PACK_SAMPLE/Meshes/Rifle/Rifle_00.fbx
  artifactKey: Guid(129f0ad0f238ef349aef1e050de95f49) Importer(815301076,1909f56bfc062723c751e8b465ee728b)
Start importing Assets/Models/Ishikawa1116/LOW-POLY GUNS PACK_SAMPLE/Meshes/Rifle/Rifle_00.fbx using Guid(129f0ad0f238ef349aef1e050de95f49) Importer(815301076,1909f56bfc062723c751e8b465ee728b)  -> (artifact id: 'ac38fe34d58e1b99041337e2aa5621ac') in 0.141935 seconds 
========================================================================
Received Import Request.
  Time since last request: 75.432545 seconds.
  path: Assets/Resources/Player.prefab
  artifactKey: Guid(2cb694176f0757641b162d2c29f05dd9) Importer(815301076,1909f56bfc062723c751e8b465ee728b)
Start importing Assets/Resources/Player.prefab using Guid(2cb694176f0757641b162d2c29f05dd9) Importer(815301076,1909f56bfc062723c751e8b465ee728b)  -> (artifact id: '38af8df4afdfc9eb4288c0cd93a3523b') in 0.029121 seconds 
========================================================================
Received Import Request.
  Time since last request: 4.977171 seconds.
  path: Assets/Resources/Player.prefab
  artifactKey: Guid(2cb694176f0757641b162d2c29f05dd9) Importer(815301076,1909f56bfc062723c751e8b465ee728b)
Start importing Assets/Resources/Player.prefab using Guid(2cb694176f0757641b162d2c29f05dd9) Importer(815301076,1909f56bfc062723c751e8b465ee728b)  -> (artifact id: '71fa10039f3b114c27a31977d990ebbb') in 0.018815 seconds 
========================================================================
Received Import Request.
  Time since last request: 32.369870 seconds.
  path: Assets/Models/M16A4
  artifactKey: Guid(d695ab71254af5340a840154aacf4c9f) Importer(815301076,1909f56bfc062723c751e8b465ee728b)
Start importing Assets/Models/M16A4 using Guid(d695ab71254af5340a840154aacf4c9f) Importer(815301076,1909f56bfc062723c751e8b465ee728b)  -> (artifact id: 'f7f9e446de24f120e52eb363c9eea0c6') in 0.006373 seconds 
========================================================================
Received Import Request.
  Time since last request: 0.075627 seconds.
  path: Assets/Models/M16A4/M16a4_prefab.prefab
  artifactKey: Guid(b4c85de85013e214785465f6ce4f92f8) Importer(815301076,1909f56bfc062723c751e8b465ee728b)
Start importing Assets/Models/M16A4/M16a4_prefab.prefab using Guid(b4c85de85013e214785465f6ce4f92f8) Importer(815301076,1909f56bfc062723c751e8b465ee728b)  -> (artifact id: 'c62834560993c5745b16c90eadbf319f') in 0.636752 seconds 
