Using pre-set license
Built from '2021.3/staging' branch; Version is '2021.3.9f1 (ad3870b89536) revision 11352176'; Using compiler version '192829333'; Build Type 'Release'
OS: 'Windows 11  (10.0.22000) 64bit Core' Language: 'en' Physical Memory: 16204 MB
BatchMode: 1, IsHumanControllingUs: 0, StartBugReporterOnCrash: 0, Is64bit: 1, IsPro: 1

COMMAND LINE ARGUMENTS:
C:\Program Files\Unity\Hub\Editor\2021.3.9f1\Editor\Unity.exe
-adb2
-batchMode
-noUpm
-name
AssetImportWorker0
-projectPath
E:/SIM251/Text-of-Obligation/Text of Obiligation
-logFile
Logs/AssetImportWorker0.log
-srvPort
52721
Successfully changed project path to: E:/SIM251/Text-of-Obligation/Text of Obiligation
E:/SIM251/Text-of-Obligation/Text of Obiligation
[UnityMemory] Configuration Parameters - Can be set up in boot.config
    "memorysetup-bucket-allocator-granularity=16"
    "memorysetup-bucket-allocator-bucket-count=8"
    "memorysetup-bucket-allocator-block-size=33554432"
    "memorysetup-bucket-allocator-block-count=8"
    "memorysetup-main-allocator-block-size=16777216"
    "memorysetup-thread-allocator-block-size=16777216"
    "memorysetup-gfx-main-allocator-block-size=16777216"
    "memorysetup-gfx-thread-allocator-block-size=16777216"
    "memorysetup-cache-allocator-block-size=4194304"
    "memorysetup-typetree-allocator-block-size=2097152"
    "memorysetup-profiler-bucket-allocator-granularity=16"
    "memorysetup-profiler-bucket-allocator-bucket-count=8"
    "memorysetup-profiler-bucket-allocator-block-size=33554432"
    "memorysetup-profiler-bucket-allocator-block-count=8"
    "memorysetup-profiler-allocator-block-size=16777216"
    "memorysetup-profiler-editor-allocator-block-size=1048576"
    "memorysetup-temp-allocator-size-main=16777216"
    "memorysetup-job-temp-allocator-block-size=2097152"
    "memorysetup-job-temp-allocator-block-size-background=1048576"
    "memorysetup-job-temp-allocator-reduction-small-platforms=262144"
    "memorysetup-temp-allocator-size-background-worker=32768"
    "memorysetup-temp-allocator-size-job-worker=262144"
    "memorysetup-temp-allocator-size-preload-manager=33554432"
    "memorysetup-temp-allocator-size-nav-mesh-worker=65536"
    "memorysetup-temp-allocator-size-audio-worker=65536"
    "memorysetup-temp-allocator-size-cloud-worker=32768"
    "memorysetup-temp-allocator-size-gi-baking-worker=262144"
    "memorysetup-temp-allocator-size-gfx=262144"
Refreshing native plugins compatible for Editor in 77.00 ms, found 3 plugins.
Preloading 0 native plugins for Editor in 0.00 ms.
Initialize engine version: 2021.3.9f1 (ad3870b89536)
[Subsystems] Discovering subsystems at path C:/Program Files/Unity/Hub/Editor/2021.3.9f1/Editor/Data/Resources/UnitySubsystems
[Subsystems] Discovering subsystems at path E:/SIM251/Text-of-Obligation/Text of Obiligation/Assets
GfxDevice: creating device client; threaded=0; jobified=0
Direct3D:
    Version:  Direct3D 11.0 [level 11.1]
    Renderer: NVIDIA GeForce RTX 2070 (ID=0x1f14)
    Vendor:   NVIDIA
    VRAM:     8031 MB
    Driver:   30.0.14.9729
Initialize mono
Mono path[0] = 'C:/Program Files/Unity/Hub/Editor/2021.3.9f1/Editor/Data/Managed'
Mono path[1] = 'C:/Program Files/Unity/Hub/Editor/2021.3.9f1/Editor/Data/MonoBleedingEdge/lib/mono/unityjit-win32'
Mono config path = 'C:/Program Files/Unity/Hub/Editor/2021.3.9f1/Editor/Data/MonoBleedingEdge/etc'
Using monoOptions --debugger-agent=transport=dt_socket,embedding=1,server=y,suspend=n,address=127.0.0.1:56976
Begin MonoManager ReloadAssembly
Registering precompiled unity dll's ...
Register platform support module: C:/Program Files/Unity/Hub/Editor/2021.3.9f1/Editor/Data/PlaybackEngines/WebGLSupport/UnityEditor.WebGL.Extensions.dll
Register platform support module: C:/Program Files/Unity/Hub/Editor/2021.3.9f1/Editor/Data/PlaybackEngines/WindowsStandaloneSupport/UnityEditor.WindowsStandalone.Extensions.dll
Register platform support module: C:/Program Files/Unity/Hub/Editor/2021.3.9f1/Editor/Data/PlaybackEngines/MetroSupport/UnityEditor.UWP.Extensions.dll
Registered in 0.007045 seconds.
Native extension for UWP target not found
Native extension for WindowsStandalone target not found
Native extension for WebGL target not found
Refreshing native plugins compatible for Editor in 76.68 ms, found 3 plugins.
Preloading 0 native plugins for Editor in 0.00 ms.
Mono: successfully reloaded assembly
- Completed reload, in  0.603 seconds
Domain Reload Profiling:
	ReloadAssembly (604ms)
		BeginReloadAssembly (63ms)
			ExecutionOrderSort (0ms)
			DisableScriptedObjects (0ms)
			BackupInstance (0ms)
			ReleaseScriptingObjects (0ms)
			CreateAndSetChildDomain (1ms)
		EndReloadAssembly (435ms)
			LoadAssemblies (61ms)
			RebuildTransferFunctionScriptingTraits (0ms)
			SetupTypeCache (107ms)
			ReleaseScriptCaches (0ms)
			RebuildScriptCaches (26ms)
			SetupLoadedEditorAssemblies (252ms)
				LogAssemblyErrors (0ms)
				InitializePlatformSupportModulesInManaged (9ms)
				SetLoadedEditorAssemblies (0ms)
				RefreshPlugins (77ms)
				BeforeProcessingInitializeOnLoad (1ms)
				ProcessInitializeOnLoadAttributes (118ms)
				ProcessInitializeOnLoadMethodAttributes (47ms)
				AfterProcessingInitializeOnLoad (0ms)
				EditorAssembliesLoaded (0ms)
			ExecutionOrderSort2 (0ms)
			AwakeInstancesAfterBackupRestoration (0ms)
Platform modules already initialized, skipping
Registering precompiled user dll's ...
Registered in 0.005684 seconds.
Begin MonoManager ReloadAssembly
Symbol file LoadedFromMemory doesn't match image E:\SIM251\Text-of-Obligation\Text of Obiligation\Library\PackageCache\com.unity.visualscripting@1.7.8\Editor\VisualScripting.Core\Dependencies\YamlDotNet\Unity.VisualScripting.YamlDotNet.dll
Symbol file LoadedFromMemory doesn't match image E:\SIM251\Text-of-Obligation\Text of Obiligation\Library\PackageCache\com.unity.visualscripting@1.7.8\Editor\VisualScripting.Core\Dependencies\DotNetZip\Unity.VisualScripting.IonicZip.dll
Native extension for UWP target not found
Native extension for WindowsStandalone target not found
Native extension for WebGL target not found
Refreshing native plugins compatible for Editor in 0.48 ms, found 3 plugins.
Preloading 0 native plugins for Editor in 0.00 ms.
Mono: successfully reloaded assembly
- Completed reload, in  0.993 seconds
Domain Reload Profiling:
	ReloadAssembly (994ms)
		BeginReloadAssembly (101ms)
			ExecutionOrderSort (0ms)
			DisableScriptedObjects (5ms)
			BackupInstance (0ms)
			ReleaseScriptingObjects (0ms)
			CreateAndSetChildDomain (19ms)
		EndReloadAssembly (785ms)
			LoadAssemblies (68ms)
			RebuildTransferFunctionScriptingTraits (0ms)
			SetupTypeCache (268ms)
			ReleaseScriptCaches (1ms)
			RebuildScriptCaches (49ms)
			SetupLoadedEditorAssemblies (357ms)
				LogAssemblyErrors (0ms)
				InitializePlatformSupportModulesInManaged (7ms)
				SetLoadedEditorAssemblies (0ms)
				RefreshPlugins (1ms)
				BeforeProcessingInitializeOnLoad (88ms)
				ProcessInitializeOnLoadAttributes (221ms)
				ProcessInitializeOnLoadMethodAttributes (32ms)
				AfterProcessingInitializeOnLoad (7ms)
				EditorAssembliesLoaded (0ms)
			ExecutionOrderSort2 (0ms)
			AwakeInstancesAfterBackupRestoration (8ms)
Platform modules already initialized, skipping
========================================================================
Worker process is ready to serve import requests
Launched and connected shader compiler UnityShaderCompiler.exe after 0.10 seconds
Refreshing native plugins compatible for Editor in 0.59 ms, found 3 plugins.
Preloading 0 native plugins for Editor in 0.00 ms.
Unloading 3492 Unused Serialized files (Serialized files now loaded: 0)
Unloading 33 unused Assets / (111.5 KB). Loaded Objects now: 3944.
Memory consumption went from 122.2 MB to 122.1 MB.
Total: 3.849500 ms (FindLiveObjects: 0.599500 ms CreateObjectMapping: 0.373200 ms MarkObjects: 2.634000 ms  DeleteObjects: 0.241500 ms)

AssetImportParameters requested are different than current active one (requested -> active):
  custom:video-decoder-ogg-theora: a1e56fd34408186e4bbccfd4996cb3dc -> 
  custom:container-muxer-webm: aa71ff27fc2769a1b78a27578f13a17b -> 
  custom:container-demuxer-webm: 4f35f7cbe854078d1ac9338744f61a02 -> 
  custom:video-encoder-webm-vp8: eb34c28f22e8b96e1ab97ce403110664 -> 
  custom:audio-encoder-webm-vorbis: bf7c407c2cedff20999df2af8eb42d56 -> 
  custom:framework-win-MediaFoundation: 216162199b28c13a410421893ffa2e32 -> 
  custom:container-demuxer-ogg: 62fdf1f143b41e24485cea50d1cbac27 -> 
  custom:video-decoder-webm-vp8: 9c59270c3fd7afecdb556c50c9e8de78 -> 
  custom:audio-decoder-ogg-vorbis: bf7c407c2cedff20999df2af8eb42d56 -> 
========================================================================
Received Import Request.
  Time since last request: 6884.093382 seconds.
  path: Assets/Scenes/SampleScene.unity
  artifactKey: Guid(9fc0d4010bbf28b4594072e72b8655ab) Importer(815301076,1909f56bfc062723c751e8b465ee728b)
Start importing Assets/Scenes/SampleScene.unity using Guid(9fc0d4010bbf28b4594072e72b8655ab) Importer(815301076,1909f56bfc062723c751e8b465ee728b)  -> (artifact id: 'e55ccaa32d8e5c1de03c07a5412c8c3c') in 0.010620 seconds 
========================================================================
Received Import Request.
  Time since last request: 3.353252 seconds.
  path: Assets/Scenes/Menu.unity
  artifactKey: Guid(cd815ee6852f3ad49b35fc19b98a43bb) Importer(815301076,1909f56bfc062723c751e8b465ee728b)
Start importing Assets/Scenes/Menu.unity using Guid(cd815ee6852f3ad49b35fc19b98a43bb) Importer(815301076,1909f56bfc062723c751e8b465ee728b)  -> (artifact id: 'dd94c1b4544c2eb32ad753fd35744545') in 0.004032 seconds 
========================================================================
Received Import Request.
  Time since last request: 2.660744 seconds.
  path: Assets/Scenes/SampleScene.unity
  artifactKey: Guid(9fc0d4010bbf28b4594072e72b8655ab) Importer(815301076,1909f56bfc062723c751e8b465ee728b)
Start importing Assets/Scenes/SampleScene.unity using Guid(9fc0d4010bbf28b4594072e72b8655ab) Importer(815301076,1909f56bfc062723c751e8b465ee728b)  -> (artifact id: '3fa52d643189327d51af5ee9af90593c') in 0.003825 seconds 
========================================================================
Received Import Request.
  Time since last request: 31.905595 seconds.
  path: Assets/Scripts
  artifactKey: Guid(d459ae225fdda094bb865f6754ecceaf) Importer(815301076,1909f56bfc062723c751e8b465ee728b)
Start importing Assets/Scripts using Guid(d459ae225fdda094bb865f6754ecceaf) Importer(815301076,1909f56bfc062723c751e8b465ee728b)  -> (artifact id: '777123fc1c1924ed796f2d99a86009c3') in 0.005601 seconds 
========================================================================
Received Import Request.
  Time since last request: 1.228508 seconds.
  path: Assets/Scripts/Menu.cs
  artifactKey: Guid(0ad8e799e218184479da7df9e24a6358) Importer(815301076,1909f56bfc062723c751e8b465ee728b)
Start importing Assets/Scripts/Menu.cs using Guid(0ad8e799e218184479da7df9e24a6358) Importer(815301076,1909f56bfc062723c751e8b465ee728b)  -> (artifact id: 'dc98b9f1f6c1233cd289420a31830f28') in 0.027500 seconds 
========================================================================
Received Prepare
Registering precompiled user dll's ...
Registered in 0.004352 seconds.
Begin MonoManager ReloadAssembly
Symbol file LoadedFromMemory doesn't match image E:\SIM251\Text-of-Obligation\Text of Obiligation\Library\PackageCache\com.unity.visualscripting@1.7.8\Editor\VisualScripting.Core\Dependencies\YamlDotNet\Unity.VisualScripting.YamlDotNet.dll
Symbol file LoadedFromMemory doesn't match image E:\SIM251\Text-of-Obligation\Text of Obiligation\Library\PackageCache\com.unity.visualscripting@1.7.8\Editor\VisualScripting.Core\Dependencies\DotNetZip\Unity.VisualScripting.IonicZip.dll
Native extension for UWP target not found
Native extension for WindowsStandalone target not found
Native extension for WebGL target not found
Refreshing native plugins compatible for Editor in 1.06 ms, found 3 plugins.
Preloading 0 native plugins for Editor in 0.00 ms.
Mono: successfully reloaded assembly
- Completed reload, in  1.152 seconds
Domain Reload Profiling:
	ReloadAssembly (1153ms)
		BeginReloadAssembly (165ms)
			ExecutionOrderSort (0ms)
			DisableScriptedObjects (6ms)
			BackupInstance (0ms)
			ReleaseScriptingObjects (0ms)
			CreateAndSetChildDomain (46ms)
		EndReloadAssembly (872ms)
			LoadAssemblies (94ms)
			RebuildTransferFunctionScriptingTraits (0ms)
			SetupTypeCache (339ms)
			ReleaseScriptCaches (1ms)
			RebuildScriptCaches (46ms)
			SetupLoadedEditorAssemblies (350ms)
				LogAssemblyErrors (0ms)
				InitializePlatformSupportModulesInManaged (18ms)
				SetLoadedEditorAssemblies (1ms)
				RefreshPlugins (1ms)
				BeforeProcessingInitializeOnLoad (81ms)
				ProcessInitializeOnLoadAttributes (212ms)
				ProcessInitializeOnLoadMethodAttributes (27ms)
				AfterProcessingInitializeOnLoad (8ms)
				EditorAssembliesLoaded (0ms)
			ExecutionOrderSort2 (0ms)
			AwakeInstancesAfterBackupRestoration (7ms)
Platform modules already initialized, skipping
Refreshing native plugins compatible for Editor in 1.80 ms, found 3 plugins.
Preloading 0 native plugins for Editor in 0.00 ms.
Unloading 3474 Unused Serialized files (Serialized files now loaded: 0)
Unloading 25 unused Assets / (78.6 KB). Loaded Objects now: 3948.
Memory consumption went from 120.9 MB to 120.8 MB.
Total: 3.544500 ms (FindLiveObjects: 0.241100 ms CreateObjectMapping: 0.146300 ms MarkObjects: 3.062400 ms  DeleteObjects: 0.093700 ms)

AssetImportParameters requested are different than current active one (requested -> active):
  custom:video-decoder-ogg-theora: a1e56fd34408186e4bbccfd4996cb3dc -> 
  custom:container-muxer-webm: aa71ff27fc2769a1b78a27578f13a17b -> 
  custom:container-demuxer-webm: 4f35f7cbe854078d1ac9338744f61a02 -> 
  custom:video-encoder-webm-vp8: eb34c28f22e8b96e1ab97ce403110664 -> 
  custom:audio-encoder-webm-vorbis: bf7c407c2cedff20999df2af8eb42d56 -> 
  custom:framework-win-MediaFoundation: 216162199b28c13a410421893ffa2e32 -> 
  custom:container-demuxer-ogg: 62fdf1f143b41e24485cea50d1cbac27 -> 
  custom:video-decoder-webm-vp8: 9c59270c3fd7afecdb556c50c9e8de78 -> 
  custom:audio-decoder-ogg-vorbis: bf7c407c2cedff20999df2af8eb42d56 -> 
========================================================================
Received Import Request.
  Time since last request: 617.456426 seconds.
  path: Assets/Scripts/Menu.cs
  artifactKey: Guid(0ad8e799e218184479da7df9e24a6358) Importer(815301076,1909f56bfc062723c751e8b465ee728b)
Start importing Assets/Scripts/Menu.cs using Guid(0ad8e799e218184479da7df9e24a6358) Importer(815301076,1909f56bfc062723c751e8b465ee728b)  -> (artifact id: 'f65e97eb44dc9c5d9d486554c63dec97') in 0.010663 seconds 
========================================================================
Received Prepare
Registering precompiled user dll's ...
Registered in 0.005950 seconds.
Begin MonoManager ReloadAssembly
Symbol file LoadedFromMemory doesn't match image E:\SIM251\Text-of-Obligation\Text of Obiligation\Library\PackageCache\com.unity.visualscripting@1.7.8\Editor\VisualScripting.Core\Dependencies\YamlDotNet\Unity.VisualScripting.YamlDotNet.dll
Symbol file LoadedFromMemory doesn't match image E:\SIM251\Text-of-Obligation\Text of Obiligation\Library\PackageCache\com.unity.visualscripting@1.7.8\Editor\VisualScripting.Core\Dependencies\DotNetZip\Unity.VisualScripting.IonicZip.dll
Native extension for UWP target not found
Native extension for WindowsStandalone target not found
Native extension for WebGL target not found
Refreshing native plugins compatible for Editor in 0.92 ms, found 3 plugins.
Preloading 0 native plugins for Editor in 0.00 ms.
Mono: successfully reloaded assembly
- Completed reload, in  1.100 seconds
Domain Reload Profiling:
	ReloadAssembly (1101ms)
		BeginReloadAssembly (134ms)
			ExecutionOrderSort (0ms)
			DisableScriptedObjects (6ms)
			BackupInstance (0ms)
			ReleaseScriptingObjects (0ms)
			CreateAndSetChildDomain (36ms)
		EndReloadAssembly (851ms)
			LoadAssemblies (85ms)
			RebuildTransferFunctionScriptingTraits (0ms)
			SetupTypeCache (331ms)
			ReleaseScriptCaches (1ms)
			RebuildScriptCaches (49ms)
			SetupLoadedEditorAssemblies (328ms)
				LogAssemblyErrors (0ms)
				InitializePlatformSupportModulesInManaged (18ms)
				SetLoadedEditorAssemblies (0ms)
				RefreshPlugins (1ms)
				BeforeProcessingInitializeOnLoad (80ms)
				ProcessInitializeOnLoadAttributes (190ms)
				ProcessInitializeOnLoadMethodAttributes (29ms)
				AfterProcessingInitializeOnLoad (10ms)
				EditorAssembliesLoaded (0ms)
			ExecutionOrderSort2 (0ms)
			AwakeInstancesAfterBackupRestoration (9ms)
Platform modules already initialized, skipping
Refreshing native plugins compatible for Editor in 2.07 ms, found 3 plugins.
Preloading 0 native plugins for Editor in 0.00 ms.
Unloading 3474 Unused Serialized files (Serialized files now loaded: 0)
Unloading 25 unused Assets / (78.5 KB). Loaded Objects now: 3952.
Memory consumption went from 120.9 MB to 120.8 MB.
Total: 3.428500 ms (FindLiveObjects: 0.314500 ms CreateObjectMapping: 0.358000 ms MarkObjects: 2.654000 ms  DeleteObjects: 0.100900 ms)

AssetImportParameters requested are different than current active one (requested -> active):
  custom:video-decoder-ogg-theora: a1e56fd34408186e4bbccfd4996cb3dc -> 
  custom:container-muxer-webm: aa71ff27fc2769a1b78a27578f13a17b -> 
  custom:container-demuxer-webm: 4f35f7cbe854078d1ac9338744f61a02 -> 
  custom:video-encoder-webm-vp8: eb34c28f22e8b96e1ab97ce403110664 -> 
  custom:audio-encoder-webm-vorbis: bf7c407c2cedff20999df2af8eb42d56 -> 
  custom:framework-win-MediaFoundation: 216162199b28c13a410421893ffa2e32 -> 
  custom:container-demuxer-ogg: 62fdf1f143b41e24485cea50d1cbac27 -> 
  custom:video-decoder-webm-vp8: 9c59270c3fd7afecdb556c50c9e8de78 -> 
  custom:audio-decoder-ogg-vorbis: bf7c407c2cedff20999df2af8eb42d56 -> 
========================================================================
Received Import Request.
  Time since last request: 229.268804 seconds.
  path: Assets/Models
  artifactKey: Guid(da3c4a031a78dda4d9293be933760b24) Importer(815301076,1909f56bfc062723c751e8b465ee728b)
Start importing Assets/Models using Guid(da3c4a031a78dda4d9293be933760b24) Importer(815301076,1909f56bfc062723c751e8b465ee728b)  -> (artifact id: '0691f4496bd0c11488d29f7127683365') in 0.010844 seconds 
========================================================================
Received Import Request.
  Time since last request: 1.524274 seconds.
  path: Assets/Prefabs
  artifactKey: Guid(0180f5612ec6c4949ba5d0d8f4746a77) Importer(815301076,1909f56bfc062723c751e8b465ee728b)
Start importing Assets/Prefabs using Guid(0180f5612ec6c4949ba5d0d8f4746a77) Importer(815301076,1909f56bfc062723c751e8b465ee728b)  -> (artifact id: '87db9eb73a69a5baba305c65746545fd') in 0.006189 seconds 
========================================================================
Received Import Request.
  Time since last request: 0.068751 seconds.
  path: Assets/Prefabs/Barrier.prefab
  artifactKey: Guid(bf0c956ed4f93934aa036318e3f71a11) Importer(815301076,1909f56bfc062723c751e8b465ee728b)
Start importing Assets/Prefabs/Barrier.prefab using Guid(bf0c956ed4f93934aa036318e3f71a11) Importer(815301076,1909f56bfc062723c751e8b465ee728b)  -> (artifact id: 'b5ff9e4675f6274ca9c83b1227e5938c') in 0.328807 seconds 
========================================================================
Received Import Request.
  Time since last request: 0.000031 seconds.
  path: Assets/Prefabs/Bullet.prefab
  artifactKey: Guid(56bae4a86c05cbb4f828124fc1bb4484) Importer(815301076,1909f56bfc062723c751e8b465ee728b)
Start importing Assets/Prefabs/Bullet.prefab using Guid(56bae4a86c05cbb4f828124fc1bb4484) Importer(815301076,1909f56bfc062723c751e8b465ee728b)  -> (artifact id: '32539fa92c6b8166ed993532785c34a1') in 0.022795 seconds 
========================================================================
Received Import Request.
  Time since last request: 0.000039 seconds.
  path: Assets/Prefabs/Platform.prefab
  artifactKey: Guid(e2ec6801774b8304ea90f8bae9498b52) Importer(815301076,1909f56bfc062723c751e8b465ee728b)
Start importing Assets/Prefabs/Platform.prefab using Guid(e2ec6801774b8304ea90f8bae9498b52) Importer(815301076,1909f56bfc062723c751e8b465ee728b)  -> (artifact id: 'b7ee5cae6648ad4456f27dc1e1da1cb7') in 0.022063 seconds 
========================================================================
Received Import Request.
  Time since last request: 2.566393 seconds.
  path: Assets/Resources
  artifactKey: Guid(525fdcc016dda014c8d349d0ef83f4ae) Importer(815301076,1909f56bfc062723c751e8b465ee728b)
Start importing Assets/Resources using Guid(525fdcc016dda014c8d349d0ef83f4ae) Importer(815301076,1909f56bfc062723c751e8b465ee728b)  -> (artifact id: 'afaf2a1c50f2b0bcd7d1ad1c8ce3d0de') in 0.004756 seconds 
========================================================================
Received Import Request.
  Time since last request: 0.066869 seconds.
  path: Assets/Resources/Player.prefab
  artifactKey: Guid(2cb694176f0757641b162d2c29f05dd9) Importer(815301076,1909f56bfc062723c751e8b465ee728b)
Start importing Assets/Resources/Player.prefab using Guid(2cb694176f0757641b162d2c29f05dd9) Importer(815301076,1909f56bfc062723c751e8b465ee728b)  -> (artifact id: 'f29fec200d4a16644ae17abf4ca5c82a') in 0.016279 seconds 
========================================================================
Received Import Request.
  Time since last request: 234.831488 seconds.
  path: Assets/Models/Barrier.fbx
  artifactKey: Guid(929072d510f98ca44b2057dcd4b94515) Importer(815301076,1909f56bfc062723c751e8b465ee728b)
Start importing Assets/Models/Barrier.fbx using Guid(929072d510f98ca44b2057dcd4b94515) Importer(815301076,1909f56bfc062723c751e8b465ee728b)  -> (artifact id: 'd06bfc631ef809fe0487f890fa2cd123') in 0.150590 seconds 
========================================================================
Received Import Request.
  Time since last request: 0.000026 seconds.
  path: Assets/Models/Terrain.fbx
  artifactKey: Guid(97c24254f73053548ba5488d17eb6432) Importer(815301076,1909f56bfc062723c751e8b465ee728b)
Start importing Assets/Models/Terrain.fbx using Guid(97c24254f73053548ba5488d17eb6432) Importer(815301076,1909f56bfc062723c751e8b465ee728b)  -> (artifact id: '53196c42dd9988dd7809f3e6c7c002a0') in 0.267744 seconds 
========================================================================
Received Import Request.
  Time since last request: 0.000027 seconds.
  path: Assets/Models/ForceField.fbx
  artifactKey: Guid(29112dc38a400fd4c9cb2e2253a8b9a0) Importer(815301076,1909f56bfc062723c751e8b465ee728b)
Start importing Assets/Models/ForceField.fbx using Guid(29112dc38a400fd4c9cb2e2253a8b9a0) Importer(815301076,1909f56bfc062723c751e8b465ee728b)  -> (artifact id: '73563e016b33fe40781f4ad42c689c7f') in 0.052499 seconds 
========================================================================
Received Import Request.
  Time since last request: 0.000022 seconds.
  path: Assets/Models/Building.fbx
  artifactKey: Guid(698faf320cb296e4cbb5b2e7dd1ba17e) Importer(815301076,1909f56bfc062723c751e8b465ee728b)
Start importing Assets/Models/Building.fbx using Guid(698faf320cb296e4cbb5b2e7dd1ba17e) Importer(815301076,1909f56bfc062723c751e8b465ee728b)  -> (artifact id: '3060d3c470dc496e86417ac5a8e3dba4') in 0.025843 seconds 
========================================================================
Received Import Request.
  Time since last request: 0.000023 seconds.
  path: Assets/Models/HealthPack.fbx
  artifactKey: Guid(2f6d2e199234701458e8cea0934a2134) Importer(815301076,1909f56bfc062723c751e8b465ee728b)
Start importing Assets/Models/HealthPack.fbx using Guid(2f6d2e199234701458e8cea0934a2134) Importer(815301076,1909f56bfc062723c751e8b465ee728b)  -> (artifact id: '6593349df9f5eb5f87c736a0122c3472') in 0.031387 seconds 
========================================================================
Received Import Request.
  Time since last request: 5.075824 seconds.
  path: Assets/Models/Ishikawa1116/LOW-POLY GUNS PACK_SAMPLE/Meshes/Rifle/Rifle_00_07_08_mag.fbx
  artifactKey: Guid(f1715af7ba514394f9dc06c020824a95) Importer(815301076,1909f56bfc062723c751e8b465ee728b)
Start importing Assets/Models/Ishikawa1116/LOW-POLY GUNS PACK_SAMPLE/Meshes/Rifle/Rifle_00_07_08_mag.fbx using Guid(f1715af7ba514394f9dc06c020824a95) Importer(815301076,1909f56bfc062723c751e8b465ee728b)  -> (artifact id: '011eb01bfdb4d82fe83d09370cc053a7') in 0.063931 seconds 
